Can't start server: Bind on TCP/IP port: Invalid argument
160510 22:56:43 [ERROR] Do you already have another mysqld server running on port: 3311 ?
160510 22:56:43 [ERROR] Aborting

160510 22:56:43 [Note] Z:\bin\mysqld-opt.exe: Shutdown complete

170313  9:09:09 [Note] \bin\mysqld-opt.exe: ready for connections.
Version: '5.0.67-community-nt'  socket: ''  port: 3311  MySQL Community Edition (GPL)
170313  9:09:09 [ERROR] mysqld: Got error 10038 from select
170313  9:28:03 [ERROR] mysqld: Got error 10038 from select
170313  9:46:08 [ERROR] mysqld: Got error 10038 from select
170313 10:04:10 [ERROR] mysqld: Got error 10038 from select
170313 10:24:03 [ERROR] mysqld: Got error 10038 from select
170313 10:44:20 [ERROR] mysqld: Got error 10038 from select
170313 11:04:35 [ERROR] mysqld: Got error 10038 from select
170313 11:24:52 [ERROR] mysqld: Got error 10038 from select
170313 11:44:48 [ERROR] mysqld: Got error 10038 from select
170313 12:03:38 [ERROR] mysqld: Got error 10038 from select
170313 12:21:00 [ERROR] mysqld: Got error 10038 from select
170313 12:38:03 [ERROR] mysqld: Got error 10038 from select
170313 12:55:20 [ERROR] mysqld: Got error 10038 from select
170313 13:12:21 [ERROR] mysqld: Got error 10038 from select
170313 13:29:44 [ERROR] mysqld: Got error 10038 from select
171107 12:25:44 [Note] \bin\mysqld-opt.exe: ready for connections.
Version: '5.0.67-community-nt'  socket: ''  port: 3311  MySQL Community Edition (GPL)
171107 12:29:22 [Note] \bin\mysqld-opt.exe: Normal shutdown

171107 12:29:24 [Warning] \bin\mysqld-opt.exe: Forcing close of thread 4  user: 'root'

171107 12:29:24 [Warning] \bin\mysqld-opt.exe: Forcing close of thread 3  user: 'root'

171107 12:29:24 [Warning] \bin\mysqld-opt.exe: Forcing close of thread 2  user: 'root'

171107 12:29:24 [Warning] \bin\mysqld-opt.exe: Forcing close of thread 1  user: 'root'

171107 12:29:24 [Note] \bin\mysqld-opt.exe: Shutdown complete

171227 20:38:15 [Note] \bin\mysqld-opt.exe: ready for connections.
Version: '5.0.67-community-nt'  socket: ''  port: 3311  MySQL Community Edition (GPL)
